<?xml version="1.0" encoding="UTF-8"?>
<!-- Generated by org.testng.reporters.JUnitReportReporter -->
<testsuite skipped="0" hostname="Sachin-Sharma" name="com.qa.tests.SignUpTest" tests="2" failures="0" timestamp="09 Sep 2022 12:19:54 GMT" time="0.091" errors="0">
  <testcase name="verifySignUpNowPageTitleTest" time="0.036" classname="com.qa.tests.SignUpTest"/>
  <testcase name="verifySignUpNowTest" time="0.055" classname="com.qa.tests.SignUpTest"/>
</testsuite> <!-- com.qa.tests.SignUpTest -->
