<?xml version="1.0" encoding="UTF-8"?>
<!-- Generated by org.testng.reporters.JUnitReportReporter -->
<testsuite skipped="0" hostname="Sachin-Sharma" name="com.qa.testngsessions.InvocationCount" tests="12" failures="0" timestamp="08 Sep 2022 08:35:43 GMT" time="0.051" errors="0">
  <testcase name="createUser" time="0.002" classname="com.qa.testngsessions.InvocationCount"/>
  <testcase name="createUser" time="0.011" classname="com.qa.testngsessions.InvocationCount"/>
  <testcase name="f" time="0.005" classname="com.qa.testngsessions.InvocationCount"/>
  <testcase name="createUser" time="0.006" classname="com.qa.testngsessions.InvocationCount"/>
  <testcase name="createUser" time="0.003" classname="com.qa.testngsessions.InvocationCount"/>
  <testcase name="createUser" time="0.003" classname="com.qa.testngsessions.InvocationCount"/>
  <testcase name="createUser" time="0.002" classname="com.qa.testngsessions.InvocationCount"/>
  <testcase name="createUser" time="0.007" classname="com.qa.testngsessions.InvocationCount"/>
  <testcase name="createUser" time="0.003" classname="com.qa.testngsessions.InvocationCount"/>
  <testcase name="createUser" time="0.003" classname="com.qa.testngsessions.InvocationCount"/>
  <testcase name="createUser" time="0.002" classname="com.qa.testngsessions.InvocationCount"/>
  <testcase name="f" time="0.004" classname="com.qa.testngsessions.InvocationCount"/>
</testsuite> <!-- com.qa.testngsessions.InvocationCount -->
