<?xml version="1.0" encoding="UTF-8"?>
<!-- Generated by org.testng.reporters.JUnitReportReporter -->
<testsuite skipped="0" hostname="Sachin-Sharma" name="com.qa.testngsessions.LoginPageTest" tests="3" failures="0" timestamp="07 Sep 2022 16:19:11 GMT" time="69.474" errors="0">
  <testcase name="verifyLoginPageTitleTest" time="30.395" classname="com.qa.testngsessions.LoginPageTest"/>
  <testcase name="verifySignUpLinkTest" time="16.287" classname="com.qa.testngsessions.LoginPageTest"/>
  <testcase name="loginTest" time="22.792" classname="com.qa.testngsessions.LoginPageTest"/>
</testsuite> <!-- com.qa.testngsessions.LoginPageTest -->
