<?xml version="1.0" encoding="UTF-8"?>
<!-- Generated by org.testng.reporters.JUnitReportReporter -->
<testsuite skipped="0" hostname="Sachin-Sharma" name="com.qa.tests.LoginPageTest" tests="2" failures="0" timestamp="09 Sep 2022 12:19:54 GMT" time="0.228" errors="0">
  <testcase name="verifyLoginPageTitleTest" time="0.066" classname="com.qa.tests.LoginPageTest"/>
  <testcase name="verifySignUpLinkTest" time="0.162" classname="com.qa.tests.LoginPageTest"/>
</testsuite> <!-- com.qa.tests.LoginPageTest -->
