<?xml version="1.0" encoding="UTF-8"?>
<!-- Generated by org.testng.reporters.JUnitReportReporter -->
<testsuite skipped="0" hostname="Sachin-Sharma" name="com.qa.dataprovider.DataProviderConcept" tests="2" failures="0" timestamp="10 Sep 2022 05:34:10 GMT" time="86.303" errors="0">
  <testcase name="loginTest" time="55.057" classname="com.qa.dataprovider.DataProviderConcept"/>
  <testcase name="loginTest" time="31.246" classname="com.qa.dataprovider.DataProviderConcept"/>
</testsuite> <!-- com.qa.dataprovider.DataProviderConcept -->
