<?xml version="1.0" encoding="UTF-8"?>
<!-- Generated by org.testng.reporters.JUnitReportReporter -->
<testsuite skipped="0" hostname="Sachin-Sharma" name="com.qa.grouping.Group2" tests="1" failures="0" timestamp="03 Dec 2022 06:07:52 GMT" time="0.005" errors="0">
  <testcase name="test7" time="0.005" classname="com.qa.grouping.Group2"/>
</testsuite> <!-- com.qa.grouping.Group2 -->
