<?xml version="1.0" encoding="UTF-8"?>
<!-- Generated by org.testng.reporters.JUnitReportReporter -->
<testsuite skipped="0" hostname="Sachin-Sharma" name="com.qa.dataprovider.DataProviderConcept2" tests="2" failures="0" timestamp="10 Sep 2022 06:35:31 GMT" time="74.856" errors="0">
  <testcase name="loginTest" time="37.720" classname="com.qa.dataprovider.DataProviderConcept2"/>
  <testcase name="loginTest" time="37.136" classname="com.qa.dataprovider.DataProviderConcept2"/>
</testsuite> <!-- com.qa.dataprovider.DataProviderConcept2 -->
