<?xml version="1.0" encoding="UTF-8"?>
<!-- Generated by org.testng.reporters.JUnitReportReporter -->
<testsuite skipped="0" hostname="Sachin-Sharma" name="com.qa.testngsessions.ExpectedException" tests="1" failures="0" timestamp="02 Dec 2022 06:01:23 GMT" time="0.010" errors="0">
  <testcase name="loginTest" time="0.010" classname="com.qa.testngsessions.ExpectedException"/>
</testsuite> <!-- com.qa.testngsessions.ExpectedException -->
