<?xml version="1.0" encoding="UTF-8"?>
<!-- Generated by org.testng.reporters.JUnitReportReporter -->
<testsuite skipped="0" hostname="Sachin-Sharma" name="com.qa.tests.LoginPageTest2" tests="3" failures="0" timestamp="09 Sep 2022 14:34:02 GMT" time="30.849" errors="0">
  <testcase name="verifyLoginPageTitleTest" time="0.021" classname="com.qa.tests.LoginPageTest2"/>
  <testcase name="verifySignUpLinkTest" time="0.126" classname="com.qa.tests.LoginPageTest2"/>
  <testcase name="loginTest" time="30.702" classname="com.qa.tests.LoginPageTest2"/>
</testsuite> <!-- com.qa.tests.LoginPageTest2 -->
