<?xml version="1.0" encoding="UTF-8"?>
<!-- Generated by org.testng.reporters.JUnitReportReporter -->
<testsuite skipped="0" hostname="Sachin-Sharma" name="com.qa.testngsessions.LoginPageTest3" tests="3" failures="0" timestamp="07 Sep 2022 18:25:16 GMT" time="63.952" errors="0">
  <testcase name="verifyLoginPageTitleTest" time="8.648" classname="com.qa.testngsessions.LoginPageTest3"/>
  <testcase name="verifySignUpLinkTest" time="27.471" classname="com.qa.testngsessions.LoginPageTest3"/>
  <testcase name="loginTest" time="27.833" classname="com.qa.testngsessions.LoginPageTest3"/>
</testsuite> <!-- com.qa.testngsessions.LoginPageTest3 -->
