<?xml version="1.0" encoding="UTF-8"?>
<!-- Generated by org.testng.reporters.JUnitReportReporter -->
<testsuite skipped="0" hostname="Sachin-Sharma" name="com.qa.tests.NewTest" tests="1" failures="0" timestamp="09 Sep 2022 14:22:29 GMT" time="0.027" errors="0">
  <testcase name="f" time="0.027" classname="com.qa.tests.NewTest"/>
</testsuite> <!-- com.qa.tests.NewTest -->
