<?xml version="1.0" encoding="UTF-8"?>
<!-- Generated by org.testng.reporters.JUnitReportReporter -->
<testsuite skipped="0" hostname="Sachin-Sharma" name="com.qa.tests.SignUpTest2" tests="2" failures="0" timestamp="09 Sep 2022 14:34:02 GMT" time="0.052" errors="0">
  <testcase name="verifySignUpNowPageTitleTest" time="0.007" classname="com.qa.tests.SignUpTest2"/>
  <testcase name="verifySignUpNowTest" time="0.045" classname="com.qa.tests.SignUpTest2"/>
</testsuite> <!-- com.qa.tests.SignUpTest2 -->
