<?xml version="1.0" encoding="UTF-8"?>
<!-- Generated by org.testng.reporters.JUnitReportReporter -->
<testsuite skipped="1" hostname="Sachin-Sharma" name="com.qa.testngsessions.PriorityTest" tests="5" failures="0" timestamp="09 Mar 2022 10:10:05 GMT" time="0.035" errors="0">
  <testcase name="test1" time="0.017" classname="com.qa.testngsessions.PriorityTest"/>
  <testcase name="test4" time="0.005" classname="com.qa.testngsessions.PriorityTest"/>
  <testcase name="test3" time="0.003" classname="com.qa.testngsessions.PriorityTest"/>
  <testcase name="test2" time="0.010" classname="com.qa.testngsessions.PriorityTest"/>
  <testcase name="test5" classname="com.qa.testngsessions.PriorityTest">
    <skipped/>
  </testcase> <!-- test5 -->
</testsuite> <!-- com.qa.testngsessions.PriorityTest -->
