<?xml version="1.0" encoding="UTF-8"?>
<!-- Generated by org.testng.reporters.JUnitReportReporter -->
<testsuite skipped="0" hostname="Sachin-Sharma" name="com.qa.testngsessions.InvocationCountConcept" tests="10" failures="0" timestamp="19 Feb 2022 09:49:54 GMT" time="0.064" errors="0">
  <testcase name="loginTest" time="0.005" classname="com.qa.testngsessions.InvocationCountConcept"/>
  <testcase name="loginTest" time="0.003" classname="com.qa.testngsessions.InvocationCountConcept"/>
  <testcase name="loginTest" time="0.002" classname="com.qa.testngsessions.InvocationCountConcept"/>
  <testcase name="loginTest" time="0.005" classname="com.qa.testngsessions.InvocationCountConcept"/>
  <testcase name="loginTest" time="0.004" classname="com.qa.testngsessions.InvocationCountConcept"/>
  <testcase name="loginTest" time="0.003" classname="com.qa.testngsessions.InvocationCountConcept"/>
  <testcase name="loginTest" time="0.005" classname="com.qa.testngsessions.InvocationCountConcept"/>
  <testcase name="loginTest" time="0.008" classname="com.qa.testngsessions.InvocationCountConcept"/>
  <testcase name="loginTest" time="0.029" classname="com.qa.testngsessions.InvocationCountConcept"/>
  <testcase name="loginTest" time="0.000" classname="com.qa.testngsessions.InvocationCountConcept"/>
</testsuite> <!-- com.qa.testngsessions.InvocationCountConcept -->
