<?xml version="1.0" encoding="UTF-8"?>
<!-- Generated by org.testng.reporters.JUnitReportReporter -->
<testsuite skipped="0" hostname="Sachin-Sharma" name="com.qa.grouping.TestGroup1" tests="2" failures="0" timestamp="20 Feb 2022 05:25:06 GMT" time="0.034" errors="0">
  <testcase name="tc_02" time="0.013" classname="com.qa.grouping.TestGroup1"/>
  <testcase name="tc_01" time="0.021" classname="com.qa.grouping.TestGroup1"/>
</testsuite> <!-- com.qa.grouping.TestGroup1 -->
