<?xml version="1.0" encoding="UTF-8"?>
<!-- Generated by org.testng.reporters.JUnitReportReporter -->
<testsuite skipped="0" hostname="Sachin-Sharma" name="com.qa.testngsessions.ExceptedExceptionConcept" tests="1" failures="0" timestamp="09 Mar 2022 10:10:05 GMT" time="0.003" errors="0">
  <testcase name="loginTest" time="0.003" classname="com.qa.testngsessions.ExceptedExceptionConcept"/>
</testsuite> <!-- com.qa.testngsessions.ExceptedExceptionConcept -->
