<?xml version="1.0" encoding="UTF-8"?>
<!-- Generated by org.testng.reporters.JUnitReportReporter -->
<testsuite skipped="0" hostname="Sachin-Sharma" name="com.qa.testngsessions.LoginPageTest2" tests="3" failures="0" timestamp="19 Feb 2022 14:29:21 GMT" time="40.071" errors="0">
  <testcase name="signUpNowLinkTest" time="8.769" classname="com.qa.testngsessions.LoginPageTest2"/>
  <testcase name="verifyLoginPageTitle" time="12.446" classname="com.qa.testngsessions.LoginPageTest2"/>
  <testcase name="loginTest" time="18.856" classname="com.qa.testngsessions.LoginPageTest2"/>
</testsuite> <!-- com.qa.testngsessions.LoginPageTest2 -->
