<?xml version="1.0" encoding="UTF-8"?>
<!-- Generated by org.testng.reporters.JUnitReportReporter -->
<testsuite skipped="0" hostname="Sachin-Sharma" name="com.qa.grouping.TestGroup2" tests="1" failures="0" timestamp="20 Feb 2022 05:21:24 GMT" time="0.003" errors="0">
  <testcase name="tc_04" time="0.003" classname="com.qa.grouping.TestGroup2"/>
</testsuite> <!-- com.qa.grouping.TestGroup2 -->
