<?xml version="1.0" encoding="UTF-8"?>
<!-- Generated by org.testng.reporters.JUnitReportReporter -->
<testsuite skipped="0" hostname="Sachin-Sharma" name="com.qa.testngsessions.AllAnnotations" tests="2" failures="0" timestamp="19 Feb 2022 09:24:56 GMT" time="0.017" errors="0">
  <testcase name="test" time="0.012" classname="com.qa.testngsessions.AllAnnotations"/>
  <testcase name="test2" time="0.005" classname="com.qa.testngsessions.AllAnnotations"/>
</testsuite> <!-- com.qa.testngsessions.AllAnnotations -->
