<?xml version="1.0" encoding="UTF-8"?>
<!-- Generated by org.testng.reporters.JUnitReportReporter -->
<testsuite skipped="0" hostname="Sachin-Sharma" name="com.qa.dataprovider.DataProvider2" tests="2" failures="0" timestamp="20 Feb 2022 11:43:09 GMT" time="46.412" errors="0">
  <testcase name="loginTest" time="26.203" classname="com.qa.dataprovider.DataProvider2"/>
  <testcase name="loginTest" time="20.209" classname="com.qa.dataprovider.DataProvider2"/>
</testsuite> <!-- com.qa.dataprovider.DataProvider2 -->
