<?xml version="1.0" encoding="UTF-8"?>
<!-- Generated by org.testng.reporters.JUnitReportReporter -->
<testsuite skipped="0" hostname="Sachin-Sharma" name="com.qa.testngsessions.LoginPageTest" tests="3" failures="0" timestamp="19 Feb 2022 06:24:01 GMT" time="13.662" errors="0">
  <testcase name="signUpNowLinkTest" time="0.183" classname="com.qa.testngsessions.LoginPageTest"/>
  <testcase name="verifyLoginPageTitle" time="0.016" classname="com.qa.testngsessions.LoginPageTest"/>
  <testcase name="loginTest" time="13.463" classname="com.qa.testngsessions.LoginPageTest"/>
</testsuite> <!-- com.qa.testngsessions.LoginPageTest -->
