<?xml version="1.0" encoding="UTF-8"?>
<!-- Generated by org.testng.reporters.JUnitReportReporter -->
<testsuite skipped="0" hostname="Sachin-Sharma" name="com.qa.tests.LoginPageTest" tests="2" failures="0" timestamp="20 Feb 2022 07:24:09 GMT" time="33.214" errors="0">
  <testcase name="verifyLoginPageTitle" time="0.151" classname="com.qa.tests.LoginPageTest"/>
  <testcase name="loginTest" time="33.063" classname="com.qa.tests.LoginPageTest"/>
</testsuite> <!-- com.qa.tests.LoginPageTest -->
