<?xml version="1.0" encoding="UTF-8"?>
<!-- Generated by org.testng.reporters.JUnitReportReporter -->
<testsuite skipped="0" hostname="Sachin-Sharma" name="com.qa.tests.SignUpTest" tests="1" failures="0" timestamp="20 Feb 2022 07:24:09 GMT" time="7.079" errors="0">
  <testcase name="signUpLinkTest" time="7.079" classname="com.qa.tests.SignUpTest"/>
</testsuite> <!-- com.qa.tests.SignUpTest -->
