<?xml version="1.0" encoding="UTF-8"?>
<!-- Generated by org.testng.reporters.JUnitReportReporter -->
<testsuite skipped="0" hostname="Sachin-Sharma" name="com.qa.testngsessions.AllAnotaions" tests="1" failures="0" timestamp="19 Feb 2022 07:30:11 GMT" time="0.018" errors="0">
  <testcase name="test" time="0.018" classname="com.qa.testngsessions.AllAnotaions"/>
</testsuite> <!-- com.qa.testngsessions.AllAnotaions -->
