<?xml version="1.0" encoding="UTF-8"?>
<!-- Generated by org.testng.reporters.JUnitReportReporter -->
<testsuite skipped="0" hostname="Sachin-Sharma" name="TestNgSessions.DependsOnMethod" tests="3" failures="0" timestamp="28 Feb 2021 16:46:32 GMT" time="0.000" errors="0">
  <testcase name="loginTest" time="0.000" classname="TestNgSessions.DependsOnMethod"/>
  <testcase name="homePageTest" time="0.000" classname="TestNgSessions.DependsOnMethod"/>
  <testcase name="searchTest" time="0.000" classname="TestNgSessions.DependsOnMethod"/>
</testsuite> <!-- TestNgSessions.DependsOnMethod -->
