<?xml version="1.0" encoding="UTF-8"?>
<!-- Generated by org.testng.reporters.JUnitReportReporter -->
<testsuite skipped="0" hostname="Sachin-Sharma" name="TestNgSessions.InvocationCount" tests="10" failures="0" timestamp="28 Feb 2021 17:01:28 GMT" time="0.020" errors="0">
  <testcase name="createUser" time="0.000" classname="TestNgSessions.InvocationCount"/>
  <testcase name="createUser" time="0.000" classname="TestNgSessions.InvocationCount"/>
  <testcase name="createUser" time="0.005" classname="TestNgSessions.InvocationCount"/>
  <testcase name="createUser" time="0.004" classname="TestNgSessions.InvocationCount"/>
  <testcase name="createUser" time="0.000" classname="TestNgSessions.InvocationCount"/>
  <testcase name="createUser" time="0.002" classname="TestNgSessions.InvocationCount"/>
  <testcase name="createUser" time="0.003" classname="TestNgSessions.InvocationCount"/>
  <testcase name="createUser" time="0.000" classname="TestNgSessions.InvocationCount"/>
  <testcase name="createUser" time="0.005" classname="TestNgSessions.InvocationCount"/>
  <testcase name="createUser" time="0.001" classname="TestNgSessions.InvocationCount"/>
</testsuite> <!-- TestNgSessions.InvocationCount -->
