<?xml version="1.0" encoding="UTF-8"?>
<!-- Generated by org.testng.reporters.JUnitReportReporter -->
<testsuite skipped="0" hostname="Sachin-Sharma" name="TestNgSessions.LoginTest3" tests="2" failures="0" timestamp="28 Feb 2021 14:32:17 GMT" time="14.687" errors="0">
  <testcase name="test1" time="8.764" classname="TestNgSessions.LoginTest3"/>
  <testcase name="test2" time="5.923" classname="TestNgSessions.LoginTest3"/>
</testsuite> <!-- TestNgSessions.LoginTest3 -->
