<?xml version="1.0" encoding="UTF-8"?>
<!-- Generated by org.testng.reporters.JUnitReportReporter -->
<testsuite skipped="0" hostname="Sachin-Sharma" name="TestNgSessions.PriorityTest" tests="1" failures="0" timestamp="28 Feb 2021 17:01:28 GMT" time="0.036" errors="0">
  <testcase name="test3" time="0.036" classname="TestNgSessions.PriorityTest"/>
</testsuite> <!-- TestNgSessions.PriorityTest -->
