<?xml version="1.0" encoding="UTF-8"?>
<!-- Generated by org.testng.reporters.JUnitReportReporter -->
<testsuite skipped="0" hostname="Sachin-Sharma" name="com.test.SignUpNowTest" tests="1" failures="0" timestamp="01 Mar 2021 11:18:43 GMT" time="1.443" errors="0">
  <testcase name="signUpLinkClickTest" time="1.443" classname="com.test.SignUpNowTest"/>
</testsuite> <!-- com.test.SignUpNowTest -->
