<?xml version="1.0" encoding="UTF-8"?>
<!-- Generated by org.testng.reporters.JUnitReportReporter -->
<testsuite skipped="0" hostname="Sachin-Sharma" name="TestNgSessions.ExpectedException" tests="1" failures="0" timestamp="28 Feb 2021 17:01:28 GMT" time="0.002" errors="0">
  <testcase name="loginTest" time="0.002" classname="TestNgSessions.ExpectedException"/>
</testsuite> <!-- TestNgSessions.ExpectedException -->
