<?xml version="1.0" encoding="UTF-8"?>
<!-- Generated by org.testng.reporters.JUnitReportReporter -->
<testsuite skipped="0" hostname="Sachin-Sharma" name="TestNgSessions.LoginTest2" tests="3" failures="0" timestamp="28 Feb 2021 07:55:26 GMT" time="46.594" errors="0">
  <testcase name="signUpLinkTest" time="14.295" classname="TestNgSessions.LoginTest2"/>
  <testcase name="pageTitleTest" time="9.476" classname="TestNgSessions.LoginTest2"/>
  <testcase name="loginTest" time="22.823" classname="TestNgSessions.LoginTest2"/>
</testsuite> <!-- TestNgSessions.LoginTest2 -->
