<?xml version="1.0" encoding="UTF-8"?>
<!-- Generated by org.testng.reporters.JUnitReportReporter -->
<testsuite skipped="0" hostname="Sachin-Sharma" name="com.qa.testngsessions.AllAnnotaions" tests="1" failures="0" timestamp="29 May 2023 12:55:31 GMT" time="0.014" errors="0">
  <testcase name="test" time="0.014" classname="com.qa.testngsessions.AllAnnotaions"/>
</testsuite> <!-- com.qa.testngsessions.AllAnnotaions -->
