<?xml version="1.0" encoding="UTF-8"?>
<!-- Generated by org.testng.reporters.JUnitReportReporter -->
<testsuite skipped="0" hostname="Sachin-Sharma" name="com.qa.tests.LoginPageTest" tests="2" failures="0" timestamp="30 May 2023 08:21:34 GMT" time="49.669" errors="0">
  <testcase name="verifySignUpLinkTest" time="11.151" classname="com.qa.tests.LoginPageTest"/>
  <testcase name="loginTest" time="38.518" classname="com.qa.tests.LoginPageTest"/>
</testsuite> <!-- com.qa.tests.LoginPageTest -->
