<?xml version="1.0" encoding="UTF-8"?>
<!-- Generated by org.testng.reporters.JUnitReportReporter -->
<testsuite hostname="Sachin-Sharma" failures="0" tests="2" name="com.qa.IMethodInterceptor.ExecutePriorityBasedTest" time="0.024" errors="0" timestamp="13 Jul 2023 14:08:19 GMT" skipped="0">
  <testcase classname="com.qa.IMethodInterceptor.ExecutePriorityBasedTest" name="SignUpTest" time="0.021"/>
  <testcase classname="com.qa.IMethodInterceptor.ExecutePriorityBasedTest" name="loginTest" time="0.003"/>
</testsuite> <!-- com.qa.IMethodInterceptor.ExecutePriorityBasedTest -->
