<?xml version="1.0" encoding="UTF-8"?>
<!-- Generated by org.testng.reporters.JUnitReportReporter -->
<testsuite skipped="0" hostname="Sachin-Sharma" name="com.qa.dataprovider.DataProviderConcept" tests="2" failures="0" timestamp="30 May 2023 16:27:25 GMT" time="105.883" errors="0">
  <testcase name="loginTest" time="66.867" classname="com.qa.dataprovider.DataProviderConcept"/>
  <testcase name="loginTest" time="39.016" classname="com.qa.dataprovider.DataProviderConcept"/>
</testsuite> <!-- com.qa.dataprovider.DataProviderConcept -->
