<?xml version="1.0" encoding="UTF-8"?>
<!-- Generated by org.testng.reporters.JUnitReportReporter -->
<testsuite skipped="0" hostname="Sachin-Sharma" name="com.qa.testngsessions.ExpectedException" tests="1" failures="0" timestamp="29 May 2023 17:21:51 GMT" time="0.002" errors="0">
  <testcase name="loginTest" time="0.002" classname="com.qa.testngsessions.ExpectedException"/>
</testsuite> <!-- com.qa.testngsessions.ExpectedException -->
