<?xml version="1.0" encoding="UTF-8"?>
<!-- Generated by org.testng.reporters.JUnitReportReporter -->
<testsuite skipped="0" hostname="Sachin-Sharma" name="com.qa.grouping.Group1" tests="1" failures="0" timestamp="30 May 2023 11:14:59 GMT" time="0.023" errors="0">
  <testcase name="test1" time="0.023" classname="com.qa.grouping.Group1"/>
</testsuite> <!-- com.qa.grouping.Group1 -->
