<?xml version="1.0" encoding="UTF-8"?>
<!-- Generated by org.testng.reporters.JUnitReportReporter -->
<testsuite skipped="0" hostname="Sachin-Sharma" name="com.qa.testngsessions.PriorityTest" tests="5" failures="0" timestamp="29 May 2023 17:21:51 GMT" time="0.038" errors="0">
  <testcase name="test1" time="0.029" classname="com.qa.testngsessions.PriorityTest"/>
  <testcase name="test5" time="0.002" classname="com.qa.testngsessions.PriorityTest"/>
  <testcase name="test4" time="0.003" classname="com.qa.testngsessions.PriorityTest"/>
  <testcase name="test2" time="0.002" classname="com.qa.testngsessions.PriorityTest"/>
  <testcase name="test3" time="0.002" classname="com.qa.testngsessions.PriorityTest"/>
</testsuite> <!-- com.qa.testngsessions.PriorityTest -->
