<?xml version="1.0" encoding="UTF-8"?>
<!-- Generated by org.testng.reporters.JUnitReportReporter -->
<testsuite hostname="Sachin-Sharma" failures="0" tests="2" name="com.qa.IMethodInterceptor.NewTest" time="0.511" errors="0" timestamp="13 Jul 2023 13:46:35 GMT" skipped="0">
  <testcase classname="com.qa.IMethodInterceptor.NewTest" name="test1" time="0.508"/>
  <testcase classname="com.qa.IMethodInterceptor.NewTest" name="test3" time="0.003"/>
</testsuite> <!-- com.qa.IMethodInterceptor.NewTest -->
