<?xml version="1.0" encoding="UTF-8"?>
<!-- Generated by org.testng.reporters.JUnitReportReporter -->
<testsuite skipped="0" hostname="Sachin-Sharma" name="com.qa.tests.SignUpTest" tests="2" failures="0" timestamp="30 May 2023 08:21:34 GMT" time="2.175" errors="0">
  <testcase name="verifySignUpPageTitleTest" time="0.000" classname="com.qa.tests.SignUpTest"/>
  <testcase name="verifySignUpNowTest" time="2.175" classname="com.qa.tests.SignUpTest"/>
</testsuite> <!-- com.qa.tests.SignUpTest -->
