<?xml version="1.0" encoding="UTF-8"?>
<!-- Generated by org.testng.reporters.JUnitReportReporter -->
<testsuite hostname="Sachin-Sharma" failures="0" tests="2" name="com.qa.IMethodInterceptor.ExecutePriorityBasedTest2" time="0.038" errors="0" timestamp="13 Jul 2023 15:33:50 GMT" skipped="0">
  <testcase classname="com.qa.IMethodInterceptor.ExecutePriorityBasedTest2" name="SignUpTest" time="0.037"/>
  <testcase classname="com.qa.IMethodInterceptor.ExecutePriorityBasedTest2" name="loginTest" time="0.001"/>
</testsuite> <!-- com.qa.IMethodInterceptor.ExecutePriorityBasedTest2 -->
