<?xml version="1.0" encoding="UTF-8"?>
<!-- Generated by org.testng.reporters.JUnitReportReporter -->
<testsuite skipped="0" hostname="Sachin-Sharma" name="com.qa.testngsessions.InvocationCount" tests="10" failures="0" timestamp="29 May 2023 14:10:26 GMT" time="0.032" errors="0">
  <testcase name="createUser" time="0.004" classname="com.qa.testngsessions.InvocationCount"/>
  <testcase name="createUser" time="0.003" classname="com.qa.testngsessions.InvocationCount"/>
  <testcase name="createUser" time="0.002" classname="com.qa.testngsessions.InvocationCount"/>
  <testcase name="createUser" time="0.004" classname="com.qa.testngsessions.InvocationCount"/>
  <testcase name="createUser" time="0.004" classname="com.qa.testngsessions.InvocationCount"/>
  <testcase name="createUser" time="0.004" classname="com.qa.testngsessions.InvocationCount"/>
  <testcase name="createUser" time="0.004" classname="com.qa.testngsessions.InvocationCount"/>
  <testcase name="createUser" time="0.002" classname="com.qa.testngsessions.InvocationCount"/>
  <testcase name="createUser" time="0.002" classname="com.qa.testngsessions.InvocationCount"/>
  <testcase name="createUser" time="0.003" classname="com.qa.testngsessions.InvocationCount"/>
</testsuite> <!-- com.qa.testngsessions.InvocationCount -->
