<?xml version="1.0" encoding="UTF-8"?>
<!-- Generated by org.testng.reporters.JUnitReportReporter -->
<testsuite skipped="0" hostname="Sachin-Sharma" name="com.qa.dataprovider.DataProviderConcept" tests="2" failures="0" timestamp="09 May 2022 16:55:06 GMT" time="48.014" errors="0">
  <testcase name="loginPageTest" time="27.038" classname="com.qa.dataprovider.DataProviderConcept"/>
  <testcase name="loginPageTest" time="20.976" classname="com.qa.dataprovider.DataProviderConcept"/>
</testsuite> <!-- com.qa.dataprovider.DataProviderConcept -->
