<?xml version="1.0" encoding="UTF-8"?>
<!-- Generated by org.testng.reporters.JUnitReportReporter -->
<testsuite skipped="0" hostname="Sachin-Sharma" name="com.qa.grouping.Group3" tests="1" failures="0" timestamp="17 Mar 2022 04:36:54 GMT" time="0.027" errors="0">
  <testcase name="test" time="0.027" classname="com.qa.grouping.Group3"/>
</testsuite> <!-- com.qa.grouping.Group3 -->
