<?xml version="1.0" encoding="UTF-8"?>
<!-- Generated by org.testng.reporters.JUnitReportReporter -->
<testsuite skipped="0" hostname="Sachin-Sharma" name="com.qa.grouping.Group1" tests="3" failures="0" timestamp="10 Mar 2022 03:49:46 GMT" time="0.036" errors="0">
  <testcase name="test1" time="0.030" classname="com.qa.grouping.Group1"/>
  <testcase name="test3" time="0.002" classname="com.qa.grouping.Group1"/>
  <testcase name="test2" time="0.004" classname="com.qa.grouping.Group1"/>
</testsuite> <!-- com.qa.grouping.Group1 -->
