<?xml version="1.0" encoding="UTF-8"?>
<!-- Generated by org.testng.reporters.JUnitReportReporter -->
<testsuite skipped="0" hostname="Sachin-Sharma" name="com.qa.testngsessions.ExceptedException" tests="1" failures="0" timestamp="09 Mar 2022 08:51:55 GMT" time="0.019" errors="0">
  <testcase name="loginTest2" time="0.019" classname="com.qa.testngsessions.ExceptedException"/>
</testsuite> <!-- com.qa.testngsessions.ExceptedException -->
