<?xml version="1.0" encoding="UTF-8"?>
<!-- Generated by org.testng.reporters.JUnitReportReporter -->
<testsuite skipped="0" hostname="Sachin-Sharma" name="com.qa.testngsessions.AllAnnotaions" tests="2" failures="0" timestamp="09 Mar 2022 10:22:49 GMT" time="0.046" errors="0">
  <testcase name="test1" time="0.035" classname="com.qa.testngsessions.AllAnnotaions"/>
  <testcase name="test2" time="0.011" classname="com.qa.testngsessions.AllAnnotaions"/>
</testsuite> <!-- com.qa.testngsessions.AllAnnotaions -->
