<?xml version="1.0" encoding="UTF-8"?>
<!-- Generated by org.testng.reporters.JUnitReportReporter -->
<testsuite skipped="0" hostname="Sachin-Sharma" name="com.qa.tests.SignUpTest" tests="1" failures="0" timestamp="08 May 2022 08:34:21 GMT" time="8.599" errors="0">
  <testcase name="verifySignUpNowLinkTest" time="8.599" classname="com.qa.tests.SignUpTest"/>
</testsuite> <!-- com.qa.tests.SignUpTest -->
