<?xml version="1.0" encoding="UTF-8"?>
<!-- Generated by org.testng.reporters.JUnitReportReporter -->
<testsuite skipped="0" hostname="Sachin-Sharma" name="com.qa.testngsessions.LoginPageTest" tests="3" failures="0" timestamp="07 May 2022 06:04:05 GMT" time="11.008" errors="0">
  <testcase name="verifySignUpNowLinkTest" time="0.238" classname="com.qa.testngsessions.LoginPageTest"/>
  <testcase name="verifyLoginPageTitleTest" time="0.013" classname="com.qa.testngsessions.LoginPageTest"/>
  <testcase name="loginTest" time="10.757" classname="com.qa.testngsessions.LoginPageTest"/>
</testsuite> <!-- com.qa.testngsessions.LoginPageTest -->
