<?xml version="1.0" encoding="UTF-8"?>
<!-- Generated by org.testng.reporters.JUnitReportReporter -->
<testsuite skipped="0" hostname="Sachin-Sharma" name="com.qa.testngsessions.LoginPageTest2" tests="3" failures="0" timestamp="09 Mar 2022 05:05:36 GMT" time="42.218" errors="0">
  <testcase name="verifySignUpNowLinkTest" time="13.784" classname="com.qa.testngsessions.LoginPageTest2"/>
  <testcase name="verifyLoginPageTitleTest" time="8.625" classname="com.qa.testngsessions.LoginPageTest2"/>
  <testcase name="loginTest" time="19.809" classname="com.qa.testngsessions.LoginPageTest2"/>
</testsuite> <!-- com.qa.testngsessions.LoginPageTest2 -->
