<?xml version="1.0" encoding="UTF-8"?>
<!-- Generated by org.testng.reporters.JUnitReportReporter -->
<testsuite skipped="0" hostname="Sachin-Sharma" name="com.qa.TestNGSessions.DataProviderConcept" tests="2" failures="0" timestamp="01 Jan 2022 14:06:50 GMT" time="34.364" errors="0">
  <testcase name="loginTest" time="15.645" classname="com.qa.TestNGSessions.DataProviderConcept"/>
  <testcase name="loginTest" time="18.719" classname="com.qa.TestNGSessions.DataProviderConcept"/>
</testsuite> <!-- com.qa.TestNGSessions.DataProviderConcept -->
