<?xml version="1.0" encoding="UTF-8"?>
<!-- Generated by org.testng.reporters.JUnitReportReporter -->
<testsuite skipped="0" hostname="Sachin-Sharma" name="com.qa.groups.TestGroup2" tests="2" failures="0" timestamp="28 Dec 2021 14:04:57 GMT" time="0.014" errors="0">
  <testcase name="tc_04" time="0.007" classname="com.qa.groups.TestGroup2"/>
  <testcase name="tc_06" time="0.007" classname="com.qa.groups.TestGroup2"/>
</testsuite> <!-- com.qa.groups.TestGroup2 -->
