<?xml version="1.0" encoding="UTF-8"?>
<!-- Generated by org.testng.reporters.JUnitReportReporter -->
<testsuite skipped="0" hostname="Sachin-Sharma" name="com.qa.TestNGSessions.PriorityTest" tests="5" failures="0" timestamp="27 Dec 2021 14:24:38 GMT" time="0.045" errors="0">
  <testcase name="test4" time="0.025" classname="com.qa.TestNGSessions.PriorityTest"/>
  <testcase name="test5" time="0.006" classname="com.qa.TestNGSessions.PriorityTest"/>
  <testcase name="test3" time="0.009" classname="com.qa.TestNGSessions.PriorityTest"/>
  <testcase name="test2" time="0.002" classname="com.qa.TestNGSessions.PriorityTest"/>
  <testcase name="test1" time="0.003" classname="com.qa.TestNGSessions.PriorityTest"/>
</testsuite> <!-- com.qa.TestNGSessions.PriorityTest -->
