<?xml version="1.0" encoding="UTF-8"?>
<!-- Generated by org.testng.reporters.JUnitReportReporter -->
<testsuite skipped="0" hostname="Sachin-Sharma" name="com.qa.TestNGSessions.ExpectedExceptionConcept" tests="1" failures="0" timestamp="27 Dec 2021 15:36:49 GMT" time="0.068" errors="0">
  <testcase name="test" time="0.068" classname="com.qa.TestNGSessions.ExpectedExceptionConcept"/>
</testsuite> <!-- com.qa.TestNGSessions.ExpectedExceptionConcept -->
