<?xml version="1.0" encoding="UTF-8"?>
<!-- Generated by org.testng.reporters.JUnitReportReporter -->
<testsuite skipped="0" hostname="Sachin-Sharma" name="com.qa.TestNGSessions.LoginTest2" tests="3" failures="0" timestamp="27 Dec 2021 07:45:27 GMT" time="35.560" errors="0">
  <testcase name="verifyTitleTest" time="8.779" classname="com.qa.TestNGSessions.LoginTest2"/>
  <testcase name="verifySignUpLinkTest" time="8.837" classname="com.qa.TestNGSessions.LoginTest2"/>
  <testcase name="loginTest" time="17.944" classname="com.qa.TestNGSessions.LoginTest2"/>
</testsuite> <!-- com.qa.TestNGSessions.LoginTest2 -->
