<?xml version="1.0" encoding="UTF-8"?>
<!-- Generated by org.testng.reporters.JUnitReportReporter -->
<testsuite skipped="0" hostname="Sachin-Sharma" name="com.qa.TestNGSessions.LoginTest" tests="5" failures="0" timestamp="14 Jan 2022 07:54:08 GMT" time="9.090" errors="0">
  <testcase name="verifyTitleTest" time="0.015" classname="com.qa.TestNGSessions.LoginTest"/>
  <testcase name="verifySignUpLinkTest" time="0.141" classname="com.qa.TestNGSessions.LoginTest"/>
  <testcase name="loginTest" time="8.931" classname="com.qa.TestNGSessions.LoginTest"/>
  <testcase name="dataProviderTest" time="0.002" classname="com.qa.TestNGSessions.LoginTest"/>
  <testcase name="dataProviderTest" time="0.001" classname="com.qa.TestNGSessions.LoginTest"/>
</testsuite> <!-- com.qa.TestNGSessions.LoginTest -->
