<?xml version="1.0" encoding="UTF-8"?>
<!-- Generated by org.testng.reporters.JUnitReportReporter -->
<testsuite skipped="1" hostname="Sachin-Sharma" name="com.qa.TestNGSessions.AllAnnotationsTest" tests="3" failures="0" timestamp="27 Dec 2021 13:49:17 GMT" time="31.254" errors="0">
  <testcase name="verifyTitleTest" time="21.357" classname="com.qa.TestNGSessions.AllAnnotationsTest"/>
  <testcase name="verifySignUpLinkTest" time="9.897" classname="com.qa.TestNGSessions.AllAnnotationsTest"/>
  <testcase name="loginTest" classname="com.qa.TestNGSessions.AllAnnotationsTest">
    <skipped/>
  </testcase> <!-- loginTest -->
</testsuite> <!-- com.qa.TestNGSessions.AllAnnotationsTest -->
