<?xml version="1.0" encoding="UTF-8"?>
<!-- Generated by org.testng.reporters.JUnitReportReporter -->
<testsuite skipped="0" hostname="Sachin-Sharma" name="com.qa.groups.TestGroup1" tests="1" failures="0" timestamp="28 Dec 2021 14:04:57 GMT" time="0.021" errors="0">
  <testcase name="tc_03" time="0.021" classname="com.qa.groups.TestGroup1"/>
</testsuite> <!-- com.qa.groups.TestGroup1 -->
