<?xml version="1.0" encoding="UTF-8"?>
<!-- Generated by org.testng.reporters.JUnitReportReporter -->
<testsuite skipped="0" hostname="Sachin-Sharma" name="com.qa.test.LoginPageTest" tests="2" failures="0" timestamp="15 Jan 2022 09:48:15 GMT" time="51.772" errors="0">
  <testcase name="verifyPageTitleTest" time="0.102" classname="com.qa.test.LoginPageTest"/>
  <testcase name="doLoginTest" time="51.670" classname="com.qa.test.LoginPageTest"/>
</testsuite> <!-- com.qa.test.LoginPageTest -->
