<?xml version="1.0" encoding="UTF-8"?>
<!-- Generated by org.testng.reporters.JUnitReportReporter -->
<testsuite skipped="0" hostname="Sachin-Sharma" name="com.qa.TestNGSessions.InvocationCountConcept" tests="10" failures="0" timestamp="27 Dec 2021 15:36:49 GMT" time="0.086" errors="0">
  <testcase name="createUser" time="0.005" classname="com.qa.TestNGSessions.InvocationCountConcept"/>
  <testcase name="createUser" time="0.004" classname="com.qa.TestNGSessions.InvocationCountConcept"/>
  <testcase name="createUser" time="0.002" classname="com.qa.TestNGSessions.InvocationCountConcept"/>
  <testcase name="createUser" time="0.014" classname="com.qa.TestNGSessions.InvocationCountConcept"/>
  <testcase name="createUser" time="0.004" classname="com.qa.TestNGSessions.InvocationCountConcept"/>
  <testcase name="createUser" time="0.041" classname="com.qa.TestNGSessions.InvocationCountConcept"/>
  <testcase name="createUser" time="0.003" classname="com.qa.TestNGSessions.InvocationCountConcept"/>
  <testcase name="createUser" time="0.002" classname="com.qa.TestNGSessions.InvocationCountConcept"/>
  <testcase name="createUser" time="0.009" classname="com.qa.TestNGSessions.InvocationCountConcept"/>
  <testcase name="createUser" time="0.002" classname="com.qa.TestNGSessions.InvocationCountConcept"/>
</testsuite> <!-- com.qa.TestNGSessions.InvocationCountConcept -->
