<?xml version="1.0" encoding="UTF-8"?>
<!-- Generated by org.testng.reporters.JUnitReportReporter -->
<testsuite skipped="0" hostname="Sachin-Sharma" name="AllAnnotaions" tests="1" failures="0" timestamp="07 May 2022 12:15:50 GMT" time="0.017" errors="0">
  <testcase name="test" time="0.017" classname="AllAnnotaions"/>
</testsuite> <!-- AllAnnotaions -->
