<?xml version="1.0" encoding="UTF-8"?>
<!-- Generated by org.testng.reporters.JUnitReportReporter -->
<testsuite skipped="0" hostname="Sachin-Sharma" name="com.qa.testngsessions.InvocationCount" tests="10" failures="0" timestamp="07 May 2022 12:55:47 GMT" time="0.061" errors="0">
  <testcase name="createUserTest" time="0.002" classname="com.qa.testngsessions.InvocationCount"/>
  <testcase name="createUserTest" time="0.006" classname="com.qa.testngsessions.InvocationCount"/>
  <testcase name="createUserTest" time="0.003" classname="com.qa.testngsessions.InvocationCount"/>
  <testcase name="createUserTest" time="0.003" classname="com.qa.testngsessions.InvocationCount"/>
  <testcase name="createUserTest" time="0.024" classname="com.qa.testngsessions.InvocationCount"/>
  <testcase name="createUserTest" time="0.001" classname="com.qa.testngsessions.InvocationCount"/>
  <testcase name="createUserTest" time="0.014" classname="com.qa.testngsessions.InvocationCount"/>
  <testcase name="createUserTest" time="0.001" classname="com.qa.testngsessions.InvocationCount"/>
  <testcase name="createUserTest" time="0.003" classname="com.qa.testngsessions.InvocationCount"/>
  <testcase name="createUserTest" time="0.004" classname="com.qa.testngsessions.InvocationCount"/>
</testsuite> <!-- com.qa.testngsessions.InvocationCount -->
