<?xml version="1.0" encoding="UTF-8"?>
<!-- Generated by org.testng.reporters.JUnitReportReporter -->
<testsuite skipped="0" hostname="Sachin-Sharma" name="com.qa.grouping.Group1" tests="2" failures="0" timestamp="09 May 2022 06:58:21 GMT" time="0.025" errors="0">
  <testcase name="test3" time="0.022" classname="com.qa.grouping.Group1"/>
  <testcase name="test9" time="0.003" classname="com.qa.grouping.Group1"/>
</testsuite> <!-- com.qa.grouping.Group1 -->
