<?xml version="1.0" encoding="UTF-8"?>
<!-- Generated by org.testng.reporters.JUnitReportReporter -->
<testsuite skipped="0" hostname="Sachin-Sharma" name="com.qa.tests.LoginPageTest" tests="2" failures="0" timestamp="09 Sep 2022 13:51:53 GMT" time="28.680" errors="0">
  <testcase name="verifySignUpNowLinkTest" time="0.201" classname="com.qa.tests.LoginPageTest"/>
  <testcase name="loginTest" time="28.479" classname="com.qa.tests.LoginPageTest"/>
</testsuite> <!-- com.qa.tests.LoginPageTest -->
