<?xml version="1.0" encoding="UTF-8"?>
<!-- Generated by org.testng.reporters.JUnitReportReporter -->
<testsuite skipped="0" hostname="Sachin-Sharma" name="com.qa.testngsessions.LoginPageTest2" tests="3" failures="0" timestamp="07 May 2022 10:08:08 GMT" time="33.185" errors="0">
  <testcase name="verifySignUpNowLinkTest" time="10.945" classname="com.qa.testngsessions.LoginPageTest2"/>
  <testcase name="verifyLoginPageTitleTest" time="7.163" classname="com.qa.testngsessions.LoginPageTest2"/>
  <testcase name="loginTest" time="15.077" classname="com.qa.testngsessions.LoginPageTest2"/>
</testsuite> <!-- com.qa.testngsessions.LoginPageTest2 -->
