<?xml version="1.0" encoding="UTF-8"?>
<!-- Generated by org.testng.reporters.JUnitReportReporter -->
<testsuite skipped="0" hostname="Sachin-Sharma" name="com.qa.testngsessions.ExceptedException" tests="1" failures="0" timestamp="07 May 2022 16:05:13 GMT" time="0.005" errors="0">
  <testcase name="loginTest" time="0.005" classname="com.qa.testngsessions.ExceptedException"/>
</testsuite> <!-- com.qa.testngsessions.ExceptedException -->
