<?xml version="1.0" encoding="UTF-8"?>
<!-- Generated by org.testng.reporters.JUnitReportReporter -->
<testsuite skipped="0" hostname="Sachin-Sharma" name="com.qa.testngsessions.LoginPageTest" tests="3" failures="0" timestamp="07 May 2022 06:12:41 GMT" time="0.790" errors="0">
  <testcase name="verifySignUpLinkTest" time="0.138" classname="com.qa.testngsessions.LoginPageTest"/>
  <testcase name="verifyLoginPageTitleTest" time="0.020" classname="com.qa.testngsessions.LoginPageTest"/>
  <testcase name="loginTest" time="0.632" classname="com.qa.testngsessions.LoginPageTest"/>
</testsuite> <!-- com.qa.testngsessions.LoginPageTest -->
