<?xml version="1.0" encoding="UTF-8"?>
<!-- Generated by org.testng.reporters.JUnitReportReporter -->
<testsuite skipped="0" hostname="Sachin-Sharma" name="com.qa.dataprovider.DataProviderConcept" tests="2" failures="0" timestamp="09 May 2022 16:34:12 GMT" time="91.117" errors="0">
  <testcase name="loginPageTest" time="52.889" classname="com.qa.dataprovider.DataProviderConcept"/>
  <testcase name="loginPageTest" time="38.228" classname="com.qa.dataprovider.DataProviderConcept"/>
</testsuite> <!-- com.qa.dataprovider.DataProviderConcept -->
