<?xml version="1.0" encoding="UTF-8"?>
<!-- Generated by org.testng.reporters.JUnitReportReporter -->
<testsuite skipped="0" hostname="Sachin-Sharma" name="com.qa.testngsessions.PriorityTest" tests="5" failures="0" timestamp="07 May 2022 16:05:13 GMT" time="0.047" errors="0">
  <testcase name="test3" time="0.030" classname="com.qa.testngsessions.PriorityTest"/>
  <testcase name="test5" time="0.002" classname="com.qa.testngsessions.PriorityTest"/>
  <testcase name="test1" time="0.006" classname="com.qa.testngsessions.PriorityTest"/>
  <testcase name="test2" time="0.006" classname="com.qa.testngsessions.PriorityTest"/>
  <testcase name="test4" time="0.003" classname="com.qa.testngsessions.PriorityTest"/>
</testsuite> <!-- com.qa.testngsessions.PriorityTest -->
