<?xml version="1.0" encoding="UTF-8"?>
<!-- Generated by org.testng.reporters.JUnitReportReporter -->
<testsuite hostname="Sachin-Sharma" failures="0" tests="1" name="com.qa.testngsessions.AllAnnotaions" time="0.036" errors="0" timestamp="2023-09-18T18:45:46 IST" skipped="0">
  <testcase classname="com.qa.testngsessions.AllAnnotaions" name="test" time="0.036"/>
</testsuite> <!-- com.qa.testngsessions.AllAnnotaions -->
