<?xml version="1.0" encoding="UTF-8"?>
<!-- Generated by org.testng.reporters.JUnitReportReporter -->
<testsuite hostname="Sachin-Sharma" failures="0" tests="1" name="com.qa.grouping.Group1" time="0.017" errors="0" timestamp="2023-09-19T20:12:58 IST" skipped="0">
  <testcase classname="com.qa.grouping.Group1" name="test1" time="0.017"/>
</testsuite> <!-- com.qa.grouping.Group1 -->
