<?xml version="1.0" encoding="UTF-8"?>
<!-- Generated by org.testng.reporters.JUnitReportReporter -->
<testsuite hostname="Sachin-Sharma" failures="0" tests="2" name="com.qa.tests.SignUpTest" time="0.218" errors="0" timestamp="2023-09-20T00:23:14 IST" skipped="0">
  <testcase classname="com.qa.tests.SignUpTest" name="verifySignUpPageTitleTest" time="0.020"/>
  <testcase classname="com.qa.tests.SignUpTest" name="verifySignUpNowTest" time="0.198"/>
</testsuite> <!-- com.qa.tests.SignUpTest -->
