<?xml version="1.0" encoding="UTF-8"?>
<!-- Generated by org.testng.reporters.JUnitReportReporter -->
<testsuite hostname="Sachin-Sharma" failures="0" tests="2" name="com.qa.dataprovider.DataProviderConcept" time="92.241" errors="0" timestamp="2023-09-20T15:03:06 IST" skipped="0">
  <testcase classname="com.qa.dataprovider.DataProviderConcept" name="loginTest" time="54.415"/>
  <testcase classname="com.qa.dataprovider.DataProviderConcept" name="loginTest" time="37.826"/>
</testsuite> <!-- com.qa.dataprovider.DataProviderConcept -->
