<?xml version="1.0" encoding="UTF-8"?>
<!-- Generated by org.testng.reporters.JUnitReportReporter -->
<testsuite hostname="Sachin-Sharma" failures="0" tests="5" name="com.qa.testngsessions.PriorityTest" time="0.010" errors="0" timestamp="2023-09-18T23:13:59 IST" skipped="0">
  <testcase classname="com.qa.testngsessions.PriorityTest" name="test1" time="0.002"/>
  <testcase classname="com.qa.testngsessions.PriorityTest" name="test5" time="0.004"/>
  <testcase classname="com.qa.testngsessions.PriorityTest" name="test4" time="0.001"/>
  <testcase classname="com.qa.testngsessions.PriorityTest" name="test2" time="0.001"/>
  <testcase classname="com.qa.testngsessions.PriorityTest" name="test3" time="0.002"/>
</testsuite> <!-- com.qa.testngsessions.PriorityTest -->
