<?xml version="1.0" encoding="UTF-8"?>
<!-- Generated by org.testng.reporters.JUnitReportReporter -->
<testsuite hostname="Sachin-Sharma" failures="0" tests="10" name="com.qa.testngsessions.InvocationCount" time="0.032" errors="0" timestamp="2023-09-18T23:13:59 IST" skipped="0">
  <testcase classname="com.qa.testngsessions.InvocationCount" name="createUser" time="0.003"/>
  <testcase classname="com.qa.testngsessions.InvocationCount" name="createUser" time="0.003"/>
  <testcase classname="com.qa.testngsessions.InvocationCount" name="createUser" time="0.002"/>
  <testcase classname="com.qa.testngsessions.InvocationCount" name="createUser" time="0.003"/>
  <testcase classname="com.qa.testngsessions.InvocationCount" name="createUser" time="0.003"/>
  <testcase classname="com.qa.testngsessions.InvocationCount" name="createUser" time="0.001"/>
  <testcase classname="com.qa.testngsessions.InvocationCount" name="createUser" time="0.002"/>
  <testcase classname="com.qa.testngsessions.InvocationCount" name="createUser" time="0.001"/>
  <testcase classname="com.qa.testngsessions.InvocationCount" name="createUser" time="0.012"/>
  <testcase classname="com.qa.testngsessions.InvocationCount" name="createUser" time="0.002"/>
</testsuite> <!-- com.qa.testngsessions.InvocationCount -->
