<?xml version="1.0" encoding="UTF-8"?>
<!-- Generated by org.testng.reporters.JUnitReportReporter -->
<testsuite hostname="Sachin-Sharma" failures="0" tests="3" name="com.qa.tests.LoginPageTest" time="46.253" errors="0" timestamp="2023-09-20T00:23:14 IST" skipped="0">
  <testcase classname="com.qa.tests.LoginPageTest" name="verifyLoginPageTitleTest" time="11.785"/>
  <testcase classname="com.qa.tests.LoginPageTest" name="verifySignUpLinkTest" time="15.690"/>
  <testcase classname="com.qa.tests.LoginPageTest" name="loginTest" time="18.778"/>
</testsuite> <!-- com.qa.tests.LoginPageTest -->
