<?xml version="1.0" encoding="UTF-8"?>
<!-- Generated by org.testng.reporters.JUnitReportReporter -->
<testsuite hostname="Sachin-Sharma" failures="0" tests="1" name="com.qa.testngsessions.ExpectedExceptionConcept" time="0.010" errors="0" timestamp="2023-09-18T23:13:59 IST" skipped="0">
  <testcase classname="com.qa.testngsessions.ExpectedExceptionConcept" name="loginTest" time="0.010"/>
</testsuite> <!-- com.qa.testngsessions.ExpectedExceptionConcept -->
