<?xml version="1.0" encoding="UTF-8"?>
<!-- Generated by org.testng.reporters.JUnitReportReporter -->
<testsuite hostname="Sachin-Sharma" failures="0" tests="2" name="com.qa.dataprovider.DataProviderConcept2" time="50.463" errors="0" timestamp="2023-09-20T21:03:10 IST" skipped="0">
  <testcase classname="com.qa.dataprovider.DataProviderConcept2" name="loginTest" time="28.199"/>
  <testcase classname="com.qa.dataprovider.DataProviderConcept2" name="loginTest" time="22.264"/>
</testsuite> <!-- com.qa.dataprovider.DataProviderConcept2 -->
