<?xml version="1.0" encoding="UTF-8"?>
<!-- Generated by org.testng.reporters.JUnitReportReporter -->
<testsuite hostname="Sachin-Sharma" failures="0" tests="1" name="com.qa.selenium4.SeleniumTestWithExtensions" time="58.036" errors="0" timestamp="05 Jul 2023 09:15:22 GMT" skipped="0">
  <testcase classname="com.qa.selenium4.SeleniumTestWithExtensions" name="addExtensions" time="58.036"/>
</testsuite> <!-- com.qa.selenium4.SeleniumTestWithExtensions -->
