<?xml version="1.0" encoding="UTF-8"?>
<!-- Generated by org.testng.reporters.JUnitReportReporter -->
<testsuite hostname="Sachin-Sharma" failures="0" tests="1" name="com.qa.pavan.RelativeLocators" time="0.428" errors="0" timestamp="04 Jul 2023 17:52:38 GMT" skipped="0">
  <testcase classname="com.qa.pavan.RelativeLocators" name="test2" time="0.428"/>
</testsuite> <!-- com.qa.pavan.RelativeLocators -->
