<?xml version="1.0" encoding="UTF-8"?>
<!-- Generated by org.testng.reporters.JUnitReportReporter -->
<testsuite hostname="Sachin-Sharma" failures="0" tests="1" name="com.qa.selenium4.PDFReaderTest" time="6.070" errors="0" timestamp="29 Jun 2023 19:04:42 GMT" skipped="0">
  <testcase classname="com.qa.selenium4.PDFReaderTest" name="pdfReaderTest" time="6.070"/>
</testsuite> <!-- com.qa.selenium4.PDFReaderTest -->
