<?xml version="1.0" encoding="UTF-8"?>
<!-- Generated by org.testng.reporters.JUnitReportReporter -->
<testsuite hostname="Sachin-Sharma" failures="0" tests="3" name="com.qa.pavan.TakingScreenshot" time="179.229" errors="0" timestamp="04 Jul 2023 18:54:14 GMT" skipped="0">
  <testcase classname="com.qa.pavan.TakingScreenshot" name="screenshotOfSectionOfPage" time="21.412"/>
  <testcase classname="com.qa.pavan.TakingScreenshot" name="screenshotOfAnElement" time="134.276"/>
  <testcase classname="com.qa.pavan.TakingScreenshot" name="screenshotOfaPage" time="23.541"/>
</testsuite> <!-- com.qa.pavan.TakingScreenshot -->
