<?xml version="1.0" encoding="UTF-8"?>
<!-- Generated by org.testng.reporters.JUnitReportReporter -->
<testsuite hostname="Sachin-Sharma" failures="0" tests="2" name="com.qa.pavan.ChromeDevToolsDemo" time="24.699" errors="0" timestamp="24 Sep 2023 18:40:38 GMT" skipped="1">
  <testcase classname="com.qa.pavan.ChromeDevToolsDemo" name="consoleLogs" time="24.699"/>
  <testcase classname="com.qa.pavan.ChromeDevToolsDemo" name="enableNetworkOffline">
    <skipped/>
  </testcase> <!-- enableNetworkOffline -->
</testsuite> <!-- com.qa.pavan.ChromeDevToolsDemo -->
