<?xml version="1.0" encoding="UTF-8"?>
<!-- Generated by org.testng.reporters.JUnitReportReporter -->
<testsuite hostname="Sachin-Sharma" failures="0" tests="1" name="com.qa.selenium4.Selenium4Features" time="86.394" errors="0" timestamp="04 Jul 2023 16:52:19 GMT" skipped="0">
  <testcase classname="com.qa.selenium4.Selenium4Features" name="location" time="86.394"/>
</testsuite> <!-- com.qa.selenium4.Selenium4Features -->
