<?xml version="1.0" encoding="UTF-8"?>
<!-- Generated by org.testng.reporters.JUnitReportReporter -->
<testsuite hostname="Sachin-Sharma" failures="0" tests="1" name="com.qa.selenium4.StopAds" time="69.792" errors="0" timestamp="05 Jul 2023 08:50:10 GMT" skipped="0">
  <testcase classname="com.qa.selenium4.StopAds" name="loadInsecureWebsite" time="69.792"/>
</testsuite> <!-- com.qa.selenium4.StopAds -->
