<?xml version="1.0" encoding="UTF-8"?>
<!-- Generated by org.testng.reporters.JUnitReportReporter -->
<testsuite skipped="0" hostname="Sachin-Sharma" name="com.qa.tests.LoginPageTest" tests="3" failures="0" timestamp="02 Mar 2023 18:57:39 GMT" time="80.983" errors="0">
  <testcase name="verifyLoginPageTitleTest" time="10.847" classname="com.qa.tests.LoginPageTest"/>
  <testcase name="verifySignUpNowLinkTest" time="22.479" classname="com.qa.tests.LoginPageTest"/>
  <testcase name="loginTest" time="47.657" classname="com.qa.tests.LoginPageTest"/>
</testsuite> <!-- com.qa.tests.LoginPageTest -->
