<?xml version="1.0" encoding="UTF-8"?>
<!-- Generated by org.testng.reporters.JUnitReportReporter -->
<testsuite skipped="0" hostname="Sachin-Sharma" name="com.qa.tests.SignUpTest" tests="2" failures="0" timestamp="02 Mar 2023 18:57:39 GMT" time="0.264" errors="0">
  <testcase name="verifySignUpNowTest" time="0.252" classname="com.qa.tests.SignUpTest"/>
  <testcase name="verifySignUpNowPageTitleTest" time="0.012" classname="com.qa.tests.SignUpTest"/>
</testsuite> <!-- com.qa.tests.SignUpTest -->
