<?xml version="1.0" encoding="UTF-8"?>
<!-- Generated by org.testng.reporters.JUnitReportReporter -->
<testsuite skipped="0" hostname="Sachin-Sharma" name="com.qa.testngsessions.AllAnnotaions" tests="2" failures="0" timestamp="02 Mar 2023 09:57:16 GMT" time="0.023" errors="0">
  <testcase name="testMethod" time="0.018" classname="com.qa.testngsessions.AllAnnotaions"/>
  <testcase name="testMethod2" time="0.005" classname="com.qa.testngsessions.AllAnnotaions"/>
</testsuite> <!-- com.qa.testngsessions.AllAnnotaions -->
