<?xml version="1.0" encoding="UTF-8"?>
<!-- Generated by org.testng.reporters.JUnitReportReporter -->
<testsuite skipped="0" hostname="Sachin-Sharma" name="com.qa.test.LoginTest" tests="3" failures="0" timestamp="02 Mar 2023 09:38:40 GMT" time="89.117" errors="0">
  <testcase name="verifyLoginPageTitleTest" time="20.674" classname="com.qa.test.LoginTest"/>
  <testcase name="verifySignUpNowLinkTest" time="22.531" classname="com.qa.test.LoginTest"/>
  <testcase name="loginTest" time="45.912" classname="com.qa.test.LoginTest"/>
</testsuite> <!-- com.qa.test.LoginTest -->
