<?xml version="1.0" encoding="UTF-8"?>
<!-- Generated by org.testng.reporters.JUnitReportReporter -->
<testsuite skipped="0" hostname="Sachin-Sharma" name="com.qa.grouping.Group1" tests="2" failures="0" timestamp="03 Mar 2023 06:29:52 GMT" time="0.024" errors="0">
  <testcase name="test2" time="0.023" classname="com.qa.grouping.Group1"/>
  <testcase name="test3" time="0.001" classname="com.qa.grouping.Group1"/>
</testsuite> <!-- com.qa.grouping.Group1 -->
