<?xml version="1.0" encoding="UTF-8"?>
<!-- Generated by org.testng.reporters.JUnitReportReporter -->
<testsuite skipped="0" hostname="Sachin-Sharma" name="com.qa.testngsessions.NewTest" tests="5" failures="0" timestamp="02 Mar 2023 10:09:35 GMT" time="0.061" errors="0">
  <testcase name="test5" time="0.006" classname="com.qa.testngsessions.NewTest"/>
  <testcase name="test4" time="0.036" classname="com.qa.testngsessions.NewTest"/>
  <testcase name="test3" time="0.002" classname="com.qa.testngsessions.NewTest"/>
  <testcase name="test1" time="0.007" classname="com.qa.testngsessions.NewTest"/>
  <testcase name="test2" time="0.010" classname="com.qa.testngsessions.NewTest"/>
</testsuite> <!-- com.qa.testngsessions.NewTest -->
