<?xml version="1.0" encoding="UTF-8"?>
<!-- Generated by org.testng.reporters.JUnitReportReporter -->
<testsuite skipped="0" hostname="Sachin-Sharma" name="com.qa.dataprovider.DataProviderConcept2" tests="2" failures="0" timestamp="03 Mar 2023 18:11:26 GMT" time="61.111" errors="0">
  <testcase name="loginTest" time="34.721" classname="com.qa.dataprovider.DataProviderConcept2"/>
  <testcase name="loginTest" time="26.390" classname="com.qa.dataprovider.DataProviderConcept2"/>
</testsuite> <!-- com.qa.dataprovider.DataProviderConcept2 -->
