<?xml version="1.0" encoding="UTF-8"?>
<!-- Generated by org.testng.reporters.JUnitReportReporter -->
<testsuite skipped="0" hostname="Sachin-Sharma" name="com.qa.dataprovider.DataProviderConcept" tests="2" failures="0" timestamp="03 Mar 2023 08:22:01 GMT" time="145.066" errors="0">
  <testcase name="loginTest" time="50.937" classname="com.qa.dataprovider.DataProviderConcept"/>
  <testcase name="loginTest" time="94.129" classname="com.qa.dataprovider.DataProviderConcept"/>
</testsuite> <!-- com.qa.dataprovider.DataProviderConcept -->
