<?xml version="1.0" encoding="UTF-8"?>
<!-- Generated by org.testng.reporters.JUnitReportReporter -->
<testsuite skipped="0" hostname="Sachin-Sharma" name="com.qa.testngsessions.InvocationCountConcept" tests="10" failures="0" timestamp="14 Jan 2022 17:41:48 GMT" time="0.067" errors="0">
  <testcase name="loginTest" time="0.000" classname="com.qa.testngsessions.InvocationCountConcept"/>
  <testcase name="loginTest" time="0.032" classname="com.qa.testngsessions.InvocationCountConcept"/>
  <testcase name="loginTest" time="0.003" classname="com.qa.testngsessions.InvocationCountConcept"/>
  <testcase name="loginTest" time="0.005" classname="com.qa.testngsessions.InvocationCountConcept"/>
  <testcase name="loginTest" time="0.004" classname="com.qa.testngsessions.InvocationCountConcept"/>
  <testcase name="loginTest" time="0.000" classname="com.qa.testngsessions.InvocationCountConcept"/>
  <testcase name="loginTest" time="0.015" classname="com.qa.testngsessions.InvocationCountConcept"/>
  <testcase name="loginTest" time="0.003" classname="com.qa.testngsessions.InvocationCountConcept"/>
  <testcase name="loginTest" time="0.000" classname="com.qa.testngsessions.InvocationCountConcept"/>
  <testcase name="loginTest" time="0.005" classname="com.qa.testngsessions.InvocationCountConcept"/>
</testsuite> <!-- com.qa.testngsessions.InvocationCountConcept -->
