<?xml version="1.0" encoding="UTF-8"?>
<!-- Generated by org.testng.reporters.JUnitReportReporter -->
<testsuite skipped="0" hostname="Sachin-Sharma" name="com.qa.grouping.TestGroup1" tests="2" failures="0" timestamp="16 Jan 2022 08:24:25 GMT" time="0.025" errors="0">
  <testcase name="tc_03" time="0.003" classname="com.qa.grouping.TestGroup1"/>
  <testcase name="tc_01" time="0.022" classname="com.qa.grouping.TestGroup1"/>
</testsuite> <!-- com.qa.grouping.TestGroup1 -->
