<?xml version="1.0" encoding="UTF-8"?>
<!-- Generated by org.testng.reporters.JUnitReportReporter -->
<testsuite skipped="0" hostname="Sachin-Sharma" name="com.qa.testngsessions.LoginTest" tests="3" failures="0" timestamp="14 Jan 2022 08:01:08 GMT" time="23.987" errors="0">
  <testcase name="signUpNowTest" time="0.155" classname="com.qa.testngsessions.LoginTest"/>
  <testcase name="pageTitleTest" time="0.016" classname="com.qa.testngsessions.LoginTest"/>
  <testcase name="loginTest" time="23.816" classname="com.qa.testngsessions.LoginTest"/>
</testsuite> <!-- com.qa.testngsessions.LoginTest -->
