<?xml version="1.0" encoding="UTF-8"?>
<!-- Generated by org.testng.reporters.JUnitReportReporter -->
<testsuite skipped="0" hostname="Sachin-Sharma" name="com.qa.testngsessions.LoginTest2" tests="3" failures="0" timestamp="14 Jan 2022 17:30:40 GMT" time="28.899" errors="0">
  <testcase name="signUpLinkTest" time="6.383" classname="com.qa.testngsessions.LoginTest2"/>
  <testcase name="pageTitleTest" time="6.379" classname="com.qa.testngsessions.LoginTest2"/>
  <testcase name="loginTest" time="16.137" classname="com.qa.testngsessions.LoginTest2"/>
</testsuite> <!-- com.qa.testngsessions.LoginTest2 -->
