<?xml version="1.0" encoding="UTF-8"?>
<!-- Generated by org.testng.reporters.JUnitReportReporter -->
<testsuite skipped="0" hostname="Sachin-Sharma" name="com.qa.testngsessions.ExpectedExceptionsConcept" tests="1" failures="0" timestamp="16 Jan 2022 14:20:23 GMT" time="0.025" errors="0">
  <testcase name="loginTest" time="0.025" classname="com.qa.testngsessions.ExpectedExceptionsConcept"/>
</testsuite> <!-- com.qa.testngsessions.ExpectedExceptionsConcept -->
