<?xml version="1.0" encoding="UTF-8"?>
<!-- Generated by org.testng.reporters.JUnitReportReporter -->
<testsuite skipped="0" hostname="Sachin-Sharma" name="com.qa.dataprovider.DataProviderConcept" tests="2" failures="0" timestamp="16 Jan 2022 14:21:35 GMT" time="39.644" errors="0">
  <testcase name="loginTest" time="21.208" classname="com.qa.dataprovider.DataProviderConcept"/>
  <testcase name="loginTest" time="18.436" classname="com.qa.dataprovider.DataProviderConcept"/>
</testsuite> <!-- com.qa.dataprovider.DataProviderConcept -->
