<?xml version="1.0" encoding="UTF-8"?>
<!-- Generated by org.testng.reporters.JUnitReportReporter -->
<testsuite skipped="0" hostname="Sachin-Sharma" name="com.tests.SignUpTest" tests="1" failures="0" timestamp="15 Jan 2022 18:08:22 GMT" time="8.963" errors="0">
  <testcase name="verifySignUpLinkTest" time="8.963" classname="com.tests.SignUpTest"/>
</testsuite> <!-- com.tests.SignUpTest -->
