<?xml version="1.0" encoding="UTF-8"?>
<!-- Generated by org.testng.reporters.JUnitReportReporter -->
<testsuite skipped="0" hostname="Sachin-Sharma" name="com.qa.testngsessions.PriorityTest" tests="5" failures="0" timestamp="25 Mar 2023 06:15:58 GMT" time="0.186" errors="0">
  <testcase name="test1" time="0.166" classname="com.qa.testngsessions.PriorityTest"/>
  <testcase name="test4" time="0.002" classname="com.qa.testngsessions.PriorityTest"/>
  <testcase name="test5" time="0.001" classname="com.qa.testngsessions.PriorityTest"/>
  <testcase name="test2" time="0.011" classname="com.qa.testngsessions.PriorityTest"/>
  <testcase name="test3" time="0.006" classname="com.qa.testngsessions.PriorityTest"/>
</testsuite> <!-- com.qa.testngsessions.PriorityTest -->
