<?xml version="1.0" encoding="UTF-8"?>
<!-- Generated by org.testng.reporters.JUnitReportReporter -->
<testsuite skipped="0" hostname="Sachin-Sharma" name="com.qa.testngsessions.LoginPageTest" tests="3" failures="0" timestamp="01 Dec 2022 16:08:10 GMT" time="46.293" errors="0">
  <testcase name="verifyLoginPageTitleTest" time="8.431" classname="com.qa.testngsessions.LoginPageTest"/>
  <testcase name="verifySignUpLinkTest" time="10.231" classname="com.qa.testngsessions.LoginPageTest"/>
  <testcase name="loginTest" time="27.631" classname="com.qa.testngsessions.LoginPageTest"/>
</testsuite> <!-- com.qa.testngsessions.LoginPageTest -->
