<?xml version="1.0" encoding="UTF-8"?>
<!-- Generated by org.testng.reporters.JUnitReportReporter -->
<testsuite skipped="0" hostname="Sachin-Sharma" name="com.qa.tests.SignUpTest" tests="2" failures="0" timestamp="03 Dec 2022 18:19:47 GMT" time="0.098" errors="0">
  <testcase name="verifySignUpNowPageTitleTest" time="0.018" classname="com.qa.tests.SignUpTest"/>
  <testcase name="verifySignUpNowTest" time="0.080" classname="com.qa.tests.SignUpTest"/>
</testsuite> <!-- com.qa.tests.SignUpTest -->
