<?xml version="1.0" encoding="UTF-8"?>
<!-- Generated by org.testng.reporters.JUnitReportReporter -->
<testsuite skipped="0" hostname="Sachin-Sharma" name="com.qa.dataprovider.DataProviderConcept2" tests="2" failures="0" timestamp="03 Dec 2022 12:53:26 GMT" time="77.388" errors="0">
  <testcase name="loginTest" time="47.148" classname="com.qa.dataprovider.DataProviderConcept2"/>
  <testcase name="loginTest" time="30.240" classname="com.qa.dataprovider.DataProviderConcept2"/>
</testsuite> <!-- com.qa.dataprovider.DataProviderConcept2 -->
