<?xml version="1.0" encoding="UTF-8"?>
<!-- Generated by org.testng.reporters.JUnitReportReporter -->
<testsuite skipped="0" hostname="Sachin-Sharma" name="com.qa.grouping.Group1" tests="1" failures="0" timestamp="02 Feb 2023 18:27:08 GMT" time="0.065" errors="0">
  <testcase name="test3" time="0.065" classname="com.qa.grouping.Group1"/>
</testsuite> <!-- com.qa.grouping.Group1 -->
