<?xml version="1.0" encoding="UTF-8"?>
<!-- Generated by org.testng.reporters.JUnitReportReporter -->
<testsuite skipped="0" hostname="Sachin-Sharma" name="com.qa.tests.LoginPageTest" tests="3" failures="0" timestamp="03 Dec 2022 18:19:47 GMT" time="24.979" errors="0">
  <testcase name="verifyLoginPageTitleTest" time="0.074" classname="com.qa.tests.LoginPageTest"/>
  <testcase name="verifySignUpLinkTest" time="0.326" classname="com.qa.tests.LoginPageTest"/>
  <testcase name="loginTest" time="24.579" classname="com.qa.tests.LoginPageTest"/>
</testsuite> <!-- com.qa.tests.LoginPageTest -->
