<?xml version="1.0" encoding="UTF-8"?>
<!-- Generated by org.testng.reporters.JUnitReportReporter -->
<testsuite skipped="0" hostname="Sachin-Sharma" name="com.qa.dataprovider.DataProviderConcept" tests="2" failures="0" timestamp="03 Dec 2022 08:38:50 GMT" time="48.118" errors="0">
  <testcase name="loginTest" time="26.215" classname="com.qa.dataprovider.DataProviderConcept"/>
  <testcase name="loginTest" time="21.903" classname="com.qa.dataprovider.DataProviderConcept"/>
</testsuite> <!-- com.qa.dataprovider.DataProviderConcept -->
